#
# A fatal error has been detected by the Java Runtime Environment:
#
#  SIGSEGV (0xb) at pc=0x000000010980b62c, pid=832, tid=17155
#
# JRE version: Java(TM) SE Runtime Environment (8.0_05-b13) (build 1.8.0_05-b13)
# Java VM: Java HotSpot(TM) 64-Bit Server VM (25.5-b02 mixed mode bsd-amd64 compressed oops)
# Problematic frame:
# V  [libjvm.dylib+0x40b62c]  Method::checked_resolve_jmethod_id(_jmethodID*)+0xe
#
# Failed to write core dump. Core dumps have been disabled. To enable core dumping, try "ulimit -c unlimited" before starting Java again
#
# If you would like to submit a bug report, please visit:
#   http://bugreport.sun.com/bugreport/crash.jsp
#

---------------  T H R E A D  ---------------

Current thread (0x00007fae75813800):  JavaThread "JDWP Transport Listener: dt_socket" daemon [_thread_in_vm, id=17155, stack(0x0000700000b3b000,0x0000700000c3b000)]

siginfo:si_signo=SIGSEGV: si_errno=0, si_code=0 (SEGV0), si_addr=0x0000000000000000

Registers:
RAX=0x0000000000000001, RBX=0x0000700000c3aa8b, RCX=0x0000000109baf780, RDX=0x0000700000c3aa8b
RSP=0x0000700000c3a9d0, RBP=0x0000700000c3a9e0, RSI=0x00007fae75813800, RDI=0x53000000ec000000
R8 =0x0000000000000000, R9 =0x00007fae73e1be30, R10=0x0000000011a456bd, R11=0x00007fae73e00000
R12=0x00007fae75813800, R13=0x53000000ec000000, R14=0x53000000ec000000, R15=0x00007fae73c05120
RIP=0x000000010980b62c, EFLAGS=0x0000000000010206, ERR=0x0000000000000000
  TRAPNO=0x000000000000000d

Top of Stack: (sp=0x0000700000c3a9d0)
0x0000700000c3a9d0:   0000700000c3aa8b 0000700000c3aa8b
0x0000700000c3a9e0:   0000700000c3aa40 000000010972497a
0x0000700000c3a9f0:   00007fae75813800 0000000000000000
0x0000700000c3aa00:   0000000000000000 0000000000000000
0x0000700000c3aa10:   00007fae75813800 00007fae75813800
0x0000700000c3aa20:   0000700000c3aa8b 0000700000c3aa90
0x0000700000c3aa30:   53000000ec000000 000000000000001c
0x0000700000c3aa40:   0000700000c3aa60 000000010a2e07dc
0x0000700000c3aa50:   0000000000000001 0000700000c3ab08
0x0000700000c3aa60:   0000700000c3aad0 000000010a2c5263
0x0000700000c3aa70:   0000700000c3aaa0 00007fae73e1c780
0x0000700000c3aa80:   0000001d00000032 0000000800c3ab08
0x0000700000c3aa90:   0000000000000000 0000000000000000
0x0000700000c3aaa0:   0000000000000000 0000700000c3ac90
0x0000700000c3aab0:   000000010a2e7eca 00007fae73d2d5d0
0x0000700000c3aac0:   0000700000c3ab08 000000010a2f3588
0x0000700000c3aad0:   0000700000c3aae0 000000010a2c535c
0x0000700000c3aae0:   0000700000c3ad00 000000010a2ce8f6
0x0000700000c3aaf0:   00002c1700000013 00000000000f0200
0x0000700000c3ab00:   00007fae73d2a7b0 00007fae75001e4d
0x0000700000c3ab10:   00007fae00000463 00007fae73e1c3b0
0x0000700000c3ab20:   000000000000012c 0000700000c3ab58
0x0000700000c3ab30:   00007fae73e1cc00 0000000000000000
0x0000700000c3ab40:   00002c1700000030 00007fff00009c80
0x0000700000c3ab50:   0000700000c3ab58 ae7f00001d000000
0x0000700000c3ab60:   09000000d07cf273 646f43704f746567
0x0000700000c3ab70:   4c29281200000065 4f24726573726150
0x0000700000c3ab80:   003b45444f435f50 0009000000000000
0x0000700000c3ab90:   00f819e173ae7f00 6c756d6973080000
0x0000700000c3aba0:   2803000000657461 0000000000005629
0x0000700000c3abb0:   f273ae7f00000900 656c04000000907c
0x0000700000c3abc0:   2928030000007373 0000000000000056 

Instructions: (pc=0x000000010980b62c)
0x000000010980b60c:   40 48 48 85 c0 75 e0 30 c0 0f b6 c0 5d c3 31 c0
0x000000010980b61c:   5d c3 55 48 89 e5 53 48 83 ec 08 48 85 ff 74 24
0x000000010980b62c:   48 8b 1f 48 85 db 74 1c 48 83 fb 37 74 16 48 8b
0x000000010980b63c:   03 48 89 df ff 50 08 84 c0 b8 00 00 00 00 48 0f 

Register to memory mapping:

RAX=0x0000000000000001 is an unknown value
RBX=0x0000700000c3aa8b is pointing into the stack for thread: 0x00007fae75813800
RCX=0x0000000109baf780: UseMembar+0 in /Library/Java/JavaVirtualMachines/jdk1.8.0_05.jdk/Contents/Home/jre/lib/server/libjvm.dylib at 0x0000000109400000
RDX=0x0000700000c3aa8b is pointing into the stack for thread: 0x00007fae75813800
RSP=0x0000700000c3a9d0 is pointing into the stack for thread: 0x00007fae75813800
RBP=0x0000700000c3a9e0 is pointing into the stack for thread: 0x00007fae75813800
RSI=0x00007fae75813800 is a thread
RDI=0x53000000ec000000 is an unknown value
R8 =0x0000000000000000 is an unknown value
R9 =0x00007fae73e1be30 is an unknown value
R10=0x0000000011a456bd is an unknown value
R11=0x00007fae73e00000 is an unknown value
R12=0x00007fae75813800 is a thread
R13=0x53000000ec000000 is an unknown value
R14=0x53000000ec000000 is an unknown value
R15=0x00007fae73c05120 is an unknown value


Stack: [0x0000700000b3b000,0x0000700000c3b000],  sp=0x0000700000c3a9d0,  free space=1022k
Native frames: (J=compiled Java code, j=interpreted, Vv=VM code, C=native code)
V  [libjvm.dylib+0x40b62c]  Method::checked_resolve_jmethod_id(_jmethodID*)+0xe
V  [libjvm.dylib+0x32497a]  jvmti_IsMethodSynthetic+0xb2
C  [libjdwp.dylib+0x207dc]  isMethodSynthetic+0x63
C  [libjdwp.dylib+0x5263]  methods1+0x10b
C  [libjdwp.dylib+0x535c]  methodsWithGeneric+0xe
C  [libjdwp.dylib+0xe8f6]  debugLoop_run+0x1ce
C  [libjdwp.dylib+0x1f716]  attachThread+0x4d
V  [libjvm.dylib+0x3659ea]  JvmtiAgentThread::call_start_function()+0x38
V  [libjvm.dylib+0x51ccf5]  JavaThread::thread_main_inner()+0x9b
V  [libjvm.dylib+0x51e432]  JavaThread::run()+0x1c2
V  [libjvm.dylib+0x445426]  java_start(Thread*)+0xf6
C  [libsystem_pthread.dylib+0x399d]  _pthread_body+0x83
C  [libsystem_pthread.dylib+0x391a]  _pthread_body+0x0
C  [libsystem_pthread.dylib+0x1351]  thread_start+0xd


---------------  P R O C E S S  ---------------

Java Threads: ( => current thread )
  0x00007fae74827800 JavaThread "Service Thread" daemon [_thread_blocked, id=20227, stack(0x000070000114d000,0x000070000124d000)]
  0x00007fae74827000 JavaThread "C1 CompilerThread2" daemon [_thread_blocked, id=19715, stack(0x000070000104a000,0x000070000114a000)]
  0x00007fae7581e800 JavaThread "C2 CompilerThread1" daemon [_thread_blocked, id=19203, stack(0x0000700000f47000,0x0000700001047000)]
  0x00007fae74826000 JavaThread "C2 CompilerThread0" daemon [_thread_blocked, id=18691, stack(0x0000700000e44000,0x0000700000f44000)]
  0x00007fae7407f800 JavaThread "JDWP Command Reader" daemon [_thread_in_native, id=18179, stack(0x0000700000d41000,0x0000700000e41000)]
  0x00007fae75812800 JavaThread "JDWP Event Helper Thread" daemon [_thread_blocked, id=17667, stack(0x0000700000c3e000,0x0000700000d3e000)]
=>0x00007fae75813800 JavaThread "JDWP Transport Listener: dt_socket" daemon [_thread_in_vm, id=17155, stack(0x0000700000b3b000,0x0000700000c3b000)]
  0x00007fae74825800 JavaThread "Signal Dispatcher" daemon [_thread_blocked, id=12815, stack(0x0000700000a38000,0x0000700000b38000)]
  0x00007fae75000800 JavaThread "Finalizer" daemon [_thread_in_Java, id=12291, stack(0x000070000082f000,0x000070000092f000)]
  0x00007fae7405b800 JavaThread "Reference Handler" daemon [_thread_blocked, id=11779, stack(0x000070000072c000,0x000070000082c000)]
  0x00007fae74005000 JavaThread "main" [_thread_blocked, id=5891, stack(0x000070000011a000,0x000070000021a000)]

Other Threads:
  0x00007fae74825000 VMThread [stack: 0x0000700000629000,0x0000700000729000] [id=11267]
  0x00007fae74828800 WatcherThread [stack: 0x0000700001250000,0x0000700001350000] [id=20739]

VM state:not at safepoint (normal execution)

VM Mutex/Monitor currently owned by a thread: None

Heap:
 PSYoungGen      total 1536K, used 522K [0x0000000795580000, 0x0000000795780000, 0x00000007c0000000)
  eden space 1024K, 1% used [0x0000000795580000,0x0000000795582a48,0x0000000795680000)
  from space 512K, 100% used [0x0000000795700000,0x0000000795780000,0x0000000795780000)
  to   space 512K, 0% used [0x0000000795680000,0x0000000795680000,0x0000000795700000)
 ParOldGen       total 129536K, used 360K [0x0000000740000000, 0x0000000747e80000, 0x0000000795580000)
  object space 129536K, 0% used [0x0000000740000000,0x000000074005a010,0x0000000747e80000)
 Metaspace       used 3953K, capacity 4832K, committed 5120K, reserved 1056768K
  class space    used 433K, capacity 464K, committed 512K, reserved 1048576K

Card table byte_map: [0x00000001196cb000,0x0000000119acc000] byte_map_base: 0x0000000115ccb000

Marking Bits: (ParMarkBitMap*) 0x0000000109c660a0
 Begin Bits: [0x0000000119d77000, 0x000000011bd77000)
 End Bits:   [0x000000011bd77000, 0x000000011dd77000)

Polling page: 0x0000000108bc1000

CodeCache: size=245760Kb used=1441Kb max_used=1441Kb free=244318Kb
 bounds [0x000000010a30b000, 0x000000010a57b000, 0x000000011930b000]
 total_blobs=442 nmethods=189 adapters=177
 compilation: enabled

Compilation events (10 events):
Event: 0.630 Thread 0x00007fae74827000  185       3       java.io.BufferedWriter::ensureOpen (18 bytes)
Event: 0.631 Thread 0x00007fae74827000 nmethod 185 0x000000010a46f390 code [0x000000010a46f500, 0x000000010a46f748]
Event: 0.631 Thread 0x00007fae74827000  186       1       sun.nio.cs.StreamEncoder::isOpen (5 bytes)
Event: 0.631 Thread 0x00007fae74827000 nmethod 186 0x000000010a46f0d0 code [0x000000010a46f220, 0x000000010a46f330]
Event: 5.211 Thread 0x00007fae74827000  187       3       java.util.concurrent.ConcurrentHashMap::casTabAt (20 bytes)
Event: 5.211 Thread 0x00007fae74827000 nmethod 187 0x000000010a46ed90 code [0x000000010a46eee0, 0x000000010a46f050]
Event: 5.280 Thread 0x00007fae74827000  188       3       sun.misc.FDBigInteger::mult (64 bytes)
Event: 5.280 Thread 0x00007fae74827000 nmethod 188 0x000000010a46da90 code [0x000000010a46dc00, 0x000000010a46de90]
Event: 5.280 Thread 0x00007fae74827000  189       3       sun.misc.FDBigInteger::<init> (30 bytes)
Event: 5.281 Thread 0x00007fae74827000 nmethod 189 0x000000010a46d610 code [0x000000010a46d780, 0x000000010a46d9a8]

GC Heap History (8 events):
Event: 0.265 GC heap before
{Heap before GC invocations=1 (full 0):
 PSYoungGen      total 1024K, used 512K [0x0000000795580000, 0x0000000795700000, 0x00000007c0000000)
  eden space 512K, 100% used [0x0000000795580000,0x0000000795600000,0x0000000795600000)
  from space 512K, 0% used [0x0000000795680000,0x0000000795680000,0x0000000795700000)
  to   space 512K, 0% used [0x0000000795600000,0x0000000795600000,0x0000000795680000)
 ParOldGen       total 129536K, used 0K [0x0000000740000000, 0x0000000747e80000, 0x0000000795580000)
  object space 129536K, 0% used [0x0000000740000000,0x0000000740000000,0x0000000747e80000)
 Metaspace       used 2284K, capacity 4480K, committed 4480K, reserved 1056768K
  class space    used 246K, capacity 384K, committed 384K, reserved 1048576K
Event: 0.266 GC heap after
Heap after GC invocations=1 (full 0):
 PSYoungGen      total 1024K, used 416K [0x0000000795580000, 0x0000000795700000, 0x00000007c0000000)
  eden space 512K, 0% used [0x0000000795580000,0x0000000795580000,0x0000000795600000)
  from space 512K, 81% used [0x0000000795600000,0x0000000795668020,0x0000000795680000)
  to   space 512K, 0% used [0x0000000795680000,0x0000000795680000,0x0000000795700000)
 ParOldGen       total 129536K, used 8K [0x0000000740000000, 0x0000000747e80000, 0x0000000795580000)
  object space 129536K, 0% used [0x0000000740000000,0x0000000740002000,0x0000000747e80000)
 Metaspace       used 2284K, capacity 4480K, committed 4480K, reserved 1056768K
  class space    used 246K, capacity 384K, committed 384K, reserved 1048576K
}
Event: 0.342 GC heap before
{Heap before GC invocations=2 (full 0):
 PSYoungGen      total 1024K, used 922K [0x0000000795580000, 0x0000000795700000, 0x00000007c0000000)
  eden space 512K, 98% used [0x0000000795580000,0x00000007955fea60,0x0000000795600000)
  from space 512K, 81% used [0x0000000795600000,0x0000000795668020,0x0000000795680000)
  to   space 512K, 0% used [0x0000000795680000,0x0000000795680000,0x0000000795700000)
 ParOldGen       total 129536K, used 8K [0x0000000740000000, 0x0000000747e80000, 0x0000000795580000)
  object space 129536K, 0% used [0x0000000740000000,0x0000000740002000,0x0000000747e80000)
 Metaspace       used 2660K, capacity 4480K, committed 4480K, reserved 1056768K
  class space    used 286K, capacity 384K, committed 384K, reserved 1048576K
Event: 0.343 GC heap after
Heap after GC invocations=2 (full 0):
 PSYoungGen      total 1024K, used 496K [0x0000000795580000, 0x0000000795700000, 0x00000007c0000000)
  eden space 512K, 0% used [0x0000000795580000,0x0000000795580000,0x0000000795600000)
  from space 512K, 96% used [0x0000000795680000,0x00000007956fc010,0x0000000795700000)
  to   space 512K, 0% used [0x0000000795600000,0x0000000795600000,0x0000000795680000)
 ParOldGen       total 129536K, used 40K [0x0000000740000000, 0x0000000747e80000, 0x0000000795580000)
  object space 129536K, 0% used [0x0000000740000000,0x000000074000a000,0x0000000747e80000)
 Metaspace       used 2660K, capacity 4480K, committed 4480K, reserved 1056768K
  class space    used 286K, capacity 384K, committed 384K, reserved 1048576K
}
Event: 0.546 GC heap before
{Heap before GC invocations=3 (full 0):
 PSYoungGen      total 1024K, used 1008K [0x0000000795580000, 0x0000000795700000, 0x00000007c0000000)
  eden space 512K, 100% used [0x0000000795580000,0x0000000795600000,0x0000000795600000)
  from space 512K, 96% used [0x0000000795680000,0x00000007956fc010,0x0000000795700000)
  to   space 512K, 0% used [0x0000000795600000,0x0000000795600000,0x0000000795680000)
 ParOldGen       total 129536K, used 40K [0x0000000740000000, 0x0000000747e80000, 0x0000000795580000)
  object space 129536K, 0% used [0x0000000740000000,0x000000074000a000,0x0000000747e80000)
 Metaspace       used 3443K, capacity 4502K, committed 4864K, reserved 1056768K
  class space    used 388K, capacity 390K, committed 512K, reserved 1048576K
Event: 0.558 GC heap after
Heap after GC invocations=3 (full 0):
 PSYoungGen      total 1024K, used 480K [0x0000000795580000, 0x0000000795780000, 0x00000007c0000000)
  eden space 512K, 0% used [0x0000000795580000,0x0000000795580000,0x0000000795600000)
  from space 512K, 93% used [0x0000000795600000,0x0000000795678020,0x0000000795680000)
  to   space 512K, 0% used [0x0000000795700000,0x0000000795700000,0x0000000795780000)
 ParOldGen       total 129536K, used 288K [0x0000000740000000, 0x0000000747e80000, 0x0000000795580000)
  object space 129536K, 0% used [0x0000000740000000,0x0000000740048010,0x0000000747e80000)
 Metaspace       used 3443K, capacity 4502K, committed 4864K, reserved 1056768K
  class space    used 388K, capacity 390K, committed 512K, reserved 1048576K
}
Event: 80.198 GC heap before
{Heap before GC invocations=4 (full 0):
 PSYoungGen      total 1024K, used 992K [0x0000000795580000, 0x0000000795780000, 0x00000007c0000000)
  eden space 512K, 100% used [0x0000000795580000,0x0000000795600000,0x0000000795600000)
  from space 512K, 93% used [0x0000000795600000,0x0000000795678020,0x0000000795680000)
  to   space 512K, 0% used [0x0000000795700000,0x0000000795700000,0x0000000795780000)
 ParOldGen       total 129536K, used 288K [0x0000000740000000, 0x0000000747e80000, 0x0000000795580000)
  object space 129536K, 0% used [0x0000000740000000,0x0000000740048010,0x0000000747e80000)
 Metaspace       used 3807K, capacity 4640K, committed 4864K, reserved 1056768K
  class space    used 428K, capacity 464K, committed 512K, reserved 1048576K
Event: 80.211 GC heap after
Heap after GC invocations=4 (full 0):
 PSYoungGen      total 1536K, used 512K [0x0000000795580000, 0x0000000795780000, 0x00000007c0000000)
  eden space 1024K, 0% used [0x0000000795580000,0x0000000795580000,0x0000000795680000)
  from space 512K, 100% used [0x0000000795700000,0x0000000795780000,0x0000000795780000)
  to   space 512K, 0% used [0x0000000795680000,0x0000000795680000,0x0000000795700000)
 ParOldGen       total 129536K, used 360K [0x0000000740000000, 0x0000000747e80000, 0x0000000795580000)
  object space 129536K, 0% used [0x0000000740000000,0x000000074005a010,0x0000000747e80000)
 Metaspace       used 3807K, capacity 4640K, committed 4864K, reserved 1056768K
  class space    used 428K, capacity 464K, committed 512K, reserved 1048576K
}

Deoptimization events (0 events):
No events

Internal exceptions (10 events):
Event: 0.595 Thread 0x00007fae74005000 Exception <a 'java/security/PrivilegedActionException'> (0x00000007955afd68) thrown at [/HUDSON/workspace/8-2-build-macosx-x86_64/jdk8u5/2488/hotspot/src/share/vm/prims/jvm.cpp, line 1248]
Event: 0.601 Thread 0x00007fae74005000 Exception <a 'java/security/PrivilegedActionException'> (0x00000007955c5480) thrown at [/HUDSON/workspace/8-2-build-macosx-x86_64/jdk8u5/2488/hotspot/src/share/vm/prims/jvm.cpp, line 1248]
Event: 0.604 Thread 0x00007fae74005000 Exception <a 'java/security/PrivilegedActionException'> (0x00000007955cd728) thrown at [/HUDSON/workspace/8-2-build-macosx-x86_64/jdk8u5/2488/hotspot/src/share/vm/prims/jvm.cpp, line 1248]
Event: 0.605 Thread 0x00007fae74005000 Exception <a 'java/security/PrivilegedActionException'> (0x00000007955d1e70) thrown at [/HUDSON/workspace/8-2-build-macosx-x86_64/jdk8u5/2488/hotspot/src/share/vm/prims/jvm.cpp, line 1248]
Event: 0.606 Thread 0x00007fae74005000 Exception <a 'java/security/PrivilegedActionException'> (0x00000007955d5088) thrown at [/HUDSON/workspace/8-2-build-macosx-x86_64/jdk8u5/2488/hotspot/src/share/vm/prims/jvm.cpp, line 1248]
Event: 0.607 Thread 0x00007fae74005000 Exception <a 'java/security/PrivilegedActionException'> (0x00000007955d87f8) thrown at [/HUDSON/workspace/8-2-build-macosx-x86_64/jdk8u5/2488/hotspot/src/share/vm/prims/jvm.cpp, line 1248]
Event: 0.608 Thread 0x00007fae74005000 Exception <a 'java/security/PrivilegedActionException'> (0x00000007955dbbc8) thrown at [/HUDSON/workspace/8-2-build-macosx-x86_64/jdk8u5/2488/hotspot/src/share/vm/prims/jvm.cpp, line 1248]
Event: 0.613 Thread 0x00007fae74005000 Exception <a 'java/security/PrivilegedActionException'> (0x00000007955e4d20) thrown at [/HUDSON/workspace/8-2-build-macosx-x86_64/jdk8u5/2488/hotspot/src/share/vm/prims/jvm.cpp, line 1248]
Event: 0.617 Thread 0x00007fae74005000 Exception <a 'java/security/PrivilegedActionException'> (0x00000007955eb640) thrown at [/HUDSON/workspace/8-2-build-macosx-x86_64/jdk8u5/2488/hotspot/src/share/vm/prims/jvm.cpp, line 1248]
Event: 2.647 Thread 0x00007fae74005000 Exception <a 'java/security/PrivilegedActionException'> (0x00000007955f1a80) thrown at [/HUDSON/workspace/8-2-build-macosx-x86_64/jdk8u5/2488/hotspot/src/share/vm/prims/jvm.cpp, line 1248]

Events (10 events):
Event: 1949.447 Executing VM operation: ChangeBreakpoints
Event: 1949.447 Executing VM operation: ChangeBreakpoints done
Event: 1949.447 Executing VM operation: ChangeBreakpoints
Event: 1949.447 Executing VM operation: ChangeBreakpoints done
Event: 1949.449 Executing VM operation: ChangeBreakpoints
Event: 1949.449 Executing VM operation: ChangeBreakpoints done
Event: 1949.449 Executing VM operation: ChangeBreakpoints
Event: 1949.450 Executing VM operation: ChangeBreakpoints done
Event: 1949.454 Executing VM operation: RedefineClasses
Event: 1949.456 Executing VM operation: RedefineClasses done


Dynamic libraries:
0x0000000005773000 	/System/Library/Frameworks/Cocoa.framework/Versions/A/Cocoa
0x0000000005773000 	/System/Library/Frameworks/Security.framework/Versions/A/Security
0x0000000005773000 	/System/Library/Frameworks/ApplicationServices.framework/Versions/A/ApplicationServices
0x0000000005773000 	/usr/lib/libz.1.dylib
0x0000000005773000 	/usr/lib/libSystem.B.dylib
0x0000000005773000 	/usr/lib/libobjc.A.dylib
0x0000000005773000 	/System/Library/Frameworks/CoreFoundation.framework/Versions/A/CoreFoundation
0x0000000005773000 	/System/Library/Frameworks/Foundation.framework/Versions/C/Foundation
0x0000000005773000 	/System/Library/Frameworks/AppKit.framework/Versions/C/AppKit
0x0000000005773000 	/System/Library/Frameworks/CoreData.framework/Versions/A/CoreData
0x0000000005773000 	/System/Library/PrivateFrameworks/RemoteViewServices.framework/Versions/A/RemoteViewServices
0x0000000005773000 	/System/Library/PrivateFrameworks/UIFoundation.framework/Versions/A/UIFoundation
0x0000000005773000 	/usr/lib/libScreenReader.dylib
0x0000000005773000 	/System/Library/Frameworks/Accelerate.framework/Versions/A/Accelerate
0x0000000005773000 	/System/Library/Frameworks/IOSurface.framework/Versions/A/IOSurface
0x0000000005773000 	/System/Library/Frameworks/AudioToolbox.framework/Versions/A/AudioToolbox
0x0000000005773000 	/System/Library/Frameworks/AudioUnit.framework/Versions/A/AudioUnit
0x0000000005773000 	/System/Library/PrivateFrameworks/DataDetectorsCore.framework/Versions/A/DataDetectorsCore
0x0000000005773000 	/System/Library/PrivateFrameworks/DesktopServicesPriv.framework/Versions/A/DesktopServicesPriv
0x0000000005773000 	/System/Library/Frameworks/Carbon.framework/Versions/A/Frameworks/HIToolbox.framework/Versions/A/HIToolbox
0x0000000005773000 	/System/Library/Frameworks/QuartzCore.framework/Versions/A/QuartzCore
0x0000000005773000 	/System/Library/Frameworks/Carbon.framework/Versions/A/Frameworks/SpeechRecognition.framework/Versions/A/SpeechRecognition
0x0000000005773000 	/usr/lib/libauto.dylib
0x0000000005773000 	/usr/lib/libicucore.A.dylib
0x0000000005773000 	/usr/lib/libxml2.2.dylib
0x0000000005773000 	/System/Library/PrivateFrameworks/CoreUI.framework/Versions/A/CoreUI
0x0000000005773000 	/System/Library/Frameworks/CoreAudio.framework/Versions/A/CoreAudio
0x0000000005773000 	/System/Library/Frameworks/DiskArbitration.framework/Versions/A/DiskArbitration
0x0000000005773000 	/usr/lib/liblangid.dylib
0x0000000005773000 	/System/Library/PrivateFrameworks/MultitouchSupport.framework/Versions/A/MultitouchSupport
0x0000000005773000 	/System/Library/Frameworks/IOKit.framework/Versions/A/IOKit
0x0000000005773000 	/usr/lib/libDiagnosticMessagesClient.dylib
0x0000000005773000 	/System/Library/Frameworks/CoreServices.framework/Versions/A/CoreServices
0x0000000005773000 	/System/Library/PrivateFrameworks/PerformanceAnalysis.framework/Versions/A/PerformanceAnalysis
0x0000000005773000 	/System/Library/PrivateFrameworks/GenerationalStorage.framework/Versions/A/GenerationalStorage
0x0000000005773000 	/System/Library/Frameworks/OpenGL.framework/Versions/A/OpenGL
0x0000000005773000 	/System/Library/PrivateFrameworks/Sharing.framework/Versions/A/Sharing
0x0000000005773000 	/System/Library/Frameworks/CoreGraphics.framework/Versions/A/CoreGraphics
0x0000000005773000 	/System/Library/Frameworks/CoreImage.framework/Versions/A/CoreImage
0x0000000005773000 	/System/Library/Frameworks/CoreText.framework/Versions/A/CoreText
0x0000000005773000 	/System/Library/Frameworks/ImageIO.framework/Versions/A/ImageIO
0x0000000005773000 	/System/Library/PrivateFrameworks/Backup.framework/Versions/A/Backup
0x0000000005773000 	/usr/lib/libextension.dylib
0x0000000005773000 	/usr/lib/libarchive.2.dylib
0x0000000005773000 	/System/Library/Frameworks/CFNetwork.framework/Versions/A/CFNetwork
0x0000000005773000 	/System/Library/Frameworks/SystemConfiguration.framework/Versions/A/SystemConfiguration
0x0000000005773000 	/usr/lib/libCRFSuite.dylib
0x0000000005773000 	/usr/lib/libc++.1.dylib
0x0000000005773000 	/usr/lib/libc++abi.dylib
0x0000000005773000 	/usr/lib/system/libcache.dylib
0x0000000005773000 	/usr/lib/system/libcommonCrypto.dylib
0x0000000005773000 	/usr/lib/system/libcompiler_rt.dylib
0x0000000005773000 	/usr/lib/system/libcopyfile.dylib
0x0000000005773000 	/usr/lib/system/libcorecrypto.dylib
0x0000000005773000 	/usr/lib/system/libdispatch.dylib
0x0000000005773000 	/usr/lib/system/libdyld.dylib
0x0000000005773000 	/usr/lib/system/libkeymgr.dylib
0x0000000005773000 	/usr/lib/system/liblaunch.dylib
0x0000000005773000 	/usr/lib/system/libmacho.dylib
0x0000000005773000 	/usr/lib/system/libquarantine.dylib
0x0000000005773000 	/usr/lib/system/libremovefile.dylib
0x0000000005773000 	/usr/lib/system/libsystem_asl.dylib
0x0000000005773000 	/usr/lib/system/libsystem_blocks.dylib
0x0000000005773000 	/usr/lib/system/libsystem_c.dylib
0x0000000005773000 	/usr/lib/system/libsystem_configuration.dylib
0x0000000005773000 	/usr/lib/system/libsystem_coreservices.dylib
0x0000000005773000 	/usr/lib/system/libsystem_coretls.dylib
0x0000000005773000 	/usr/lib/system/libsystem_dnssd.dylib
0x0000000005773000 	/usr/lib/system/libsystem_info.dylib
0x0000000005773000 	/usr/lib/system/libsystem_kernel.dylib
0x0000000005773000 	/usr/lib/system/libsystem_m.dylib
0x0000000005773000 	/usr/lib/system/libsystem_malloc.dylib
0x0000000005773000 	/usr/lib/system/libsystem_network.dylib
0x0000000005773000 	/usr/lib/system/libsystem_networkextension.dylib
0x0000000005773000 	/usr/lib/system/libsystem_notify.dylib
0x0000000005773000 	/usr/lib/system/libsystem_platform.dylib
0x0000000005773000 	/usr/lib/system/libsystem_pthread.dylib
0x0000000005773000 	/usr/lib/system/libsystem_sandbox.dylib
0x0000000005773000 	/usr/lib/system/libsystem_secinit.dylib
0x0000000005773000 	/usr/lib/system/libsystem_trace.dylib
0x0000000005773000 	/usr/lib/system/libunc.dylib
0x0000000005773000 	/usr/lib/system/libunwind.dylib
0x0000000005773000 	/usr/lib/system/libxpc.dylib
0x0000000005773000 	/usr/lib/libenergytrace.dylib
0x0000000005773000 	/usr/lib/libbsm.0.dylib
0x0000000005773000 	/usr/lib/system/libkxld.dylib
0x0000000005773000 	/usr/lib/libxar.1.dylib
0x0000000005773000 	/usr/lib/libsqlite3.dylib
0x0000000005773000 	/usr/lib/libpam.2.dylib
0x0000000005773000 	/usr/lib/libOpenScriptingUtil.dylib
0x0000000005773000 	/usr/lib/libbz2.1.0.dylib
0x0000000005773000 	/usr/lib/liblzma.5.dylib
0x0000000005773000 	/System/Library/Frameworks/CoreServices.framework/Versions/A/Frameworks/FSEvents.framework/Versions/A/FSEvents
0x0000000005773000 	/System/Library/Frameworks/CoreServices.framework/Versions/A/Frameworks/CarbonCore.framework/Versions/A/CarbonCore
0x0000000005773000 	/System/Library/Frameworks/CoreServices.framework/Versions/A/Frameworks/Metadata.framework/Versions/A/Metadata
0x0000000005773000 	/System/Library/Frameworks/CoreServices.framework/Versions/A/Frameworks/OSServices.framework/Versions/A/OSServices
0x0000000005773000 	/System/Library/Frameworks/CoreServices.framework/Versions/A/Frameworks/SearchKit.framework/Versions/A/SearchKit
0x0000000005773000 	/System/Library/Frameworks/CoreServices.framework/Versions/A/Frameworks/AE.framework/Versions/A/AE
0x0000000005773000 	/System/Library/Frameworks/CoreServices.framework/Versions/A/Frameworks/LaunchServices.framework/Versions/A/LaunchServices
0x0000000005773000 	/System/Library/Frameworks/CoreServices.framework/Versions/A/Frameworks/DictionaryServices.framework/Versions/A/DictionaryServices
0x0000000005773000 	/System/Library/Frameworks/CoreServices.framework/Versions/A/Frameworks/SharedFileList.framework/Versions/A/SharedFileList
0x0000000005773000 	/System/Library/Frameworks/NetFS.framework/Versions/A/NetFS
0x0000000005773000 	/System/Library/PrivateFrameworks/NetAuth.framework/Versions/A/NetAuth
0x0000000005773000 	/System/Library/PrivateFrameworks/login.framework/Versions/A/Frameworks/loginsupport.framework/Versions/A/loginsupport
0x0000000005773000 	/System/Library/PrivateFrameworks/TCC.framework/Versions/A/TCC
0x0000000005773000 	/usr/lib/libmecabra.dylib
0x0000000005773000 	/System/Library/Frameworks/ApplicationServices.framework/Versions/A/Frameworks/ATS.framework/Versions/A/ATS
0x0000000005773000 	/System/Library/Frameworks/ApplicationServices.framework/Versions/A/Frameworks/ColorSync.framework/Versions/A/ColorSync
0x0000000005773000 	/System/Library/Frameworks/ApplicationServices.framework/Versions/A/Frameworks/HIServices.framework/Versions/A/HIServices
0x0000000005773000 	/System/Library/Frameworks/ApplicationServices.framework/Versions/A/Frameworks/LangAnalysis.framework/Versions/A/LangAnalysis
0x0000000005773000 	/System/Library/Frameworks/ApplicationServices.framework/Versions/A/Frameworks/PrintCore.framework/Versions/A/PrintCore
0x0000000005773000 	/System/Library/Frameworks/ApplicationServices.framework/Versions/A/Frameworks/QD.framework/Versions/A/QD
0x0000000005773000 	/System/Library/Frameworks/ApplicationServices.framework/Versions/A/Frameworks/SpeechSynthesis.framework/Versions/A/SpeechSynthesis
0x0000000005773000 	/System/Library/Frameworks/Metal.framework/Versions/A/Metal
0x0000000005773000 	/System/Library/Frameworks/Accelerate.framework/Versions/A/Frameworks/vImage.framework/Versions/A/vImage
0x0000000005773000 	/System/Library/Frameworks/Accelerate.framework/Versions/A/Frameworks/vecLib.framework/Versions/A/vecLib
0x0000000005773000 	/System/Library/Frameworks/Accelerate.framework/Versions/A/Frameworks/vecLib.framework/Versions/A/libvDSP.dylib
0x0000000005773000 	/System/Library/Frameworks/Accelerate.framework/Versions/A/Frameworks/vecLib.framework/Versions/A/libvMisc.dylib
0x0000000005773000 	/System/Library/Frameworks/Accelerate.framework/Versions/A/Frameworks/vecLib.framework/Versions/A/libLAPACK.dylib
0x0000000005773000 	/System/Library/Frameworks/Accelerate.framework/Versions/A/Frameworks/vecLib.framework/Versions/A/libBLAS.dylib
0x0000000005773000 	/System/Library/Frameworks/Accelerate.framework/Versions/A/Frameworks/vecLib.framework/Versions/A/libLinearAlgebra.dylib
0x0000000005773000 	/System/Library/Frameworks/Accelerate.framework/Versions/A/Frameworks/vecLib.framework/Versions/A/libSparseBLAS.dylib
0x0000000005773000 	/System/Library/PrivateFrameworks/GPUCompiler.framework/libmetal_timestamp.dylib
0x0000000005773000 	/System/Library/Frameworks/OpenGL.framework/Versions/A/Libraries/libCoreFSCache.dylib
0x0000000005773000 	/System/Library/PrivateFrameworks/IOAccelerator.framework/Versions/A/IOAccelerator
0x0000000005773000 	/System/Library/Frameworks/ApplicationServices.framework/Versions/A/Frameworks/ATS.framework/Versions/A/Resources/libFontParser.dylib
0x0000000005773000 	/System/Library/Frameworks/ApplicationServices.framework/Versions/A/Frameworks/ATS.framework/Versions/A/Resources/libFontRegistry.dylib
0x0000000005773000 	/System/Library/PrivateFrameworks/AppleVPA.framework/Versions/A/AppleVPA
0x0000000005773000 	/System/Library/PrivateFrameworks/AppleJPEG.framework/Versions/A/AppleJPEG
0x0000000005773000 	/System/Library/Frameworks/ImageIO.framework/Versions/A/Resources/libJPEG.dylib
0x0000000005773000 	/System/Library/Frameworks/ImageIO.framework/Versions/A/Resources/libTIFF.dylib
0x0000000005773000 	/System/Library/Frameworks/ImageIO.framework/Versions/A/Resources/libPng.dylib
0x0000000005773000 	/System/Library/Frameworks/ImageIO.framework/Versions/A/Resources/libGIF.dylib
0x0000000005773000 	/System/Library/Frameworks/ImageIO.framework/Versions/A/Resources/libJP2.dylib
0x0000000005773000 	/System/Library/Frameworks/ImageIO.framework/Versions/A/Resources/libRadiance.dylib
0x0000000005773000 	/System/Library/Frameworks/CoreVideo.framework/Versions/A/CoreVideo
0x0000000005773000 	/System/Library/Frameworks/OpenGL.framework/Versions/A/Libraries/libGLU.dylib
0x0000000005773000 	/System/Library/Frameworks/OpenGL.framework/Versions/A/Libraries/libGFXShared.dylib
0x0000000005773000 	/System/Library/Frameworks/OpenGL.framework/Versions/A/Libraries/libGL.dylib
0x0000000005773000 	/System/Library/Frameworks/OpenGL.framework/Versions/A/Libraries/libGLImage.dylib
0x0000000005773000 	/System/Library/Frameworks/OpenGL.framework/Versions/A/Libraries/libCVMSPluginSupport.dylib
0x0000000005773000 	/System/Library/Frameworks/OpenGL.framework/Versions/A/Libraries/libCoreVMClient.dylib
0x0000000005773000 	/usr/lib/libcups.2.dylib
0x0000000005773000 	/System/Library/Frameworks/Kerberos.framework/Versions/A/Kerberos
0x0000000005773000 	/System/Library/Frameworks/GSS.framework/Versions/A/GSS
0x0000000005773000 	/usr/lib/libresolv.9.dylib
0x0000000005773000 	/usr/lib/libiconv.2.dylib
0x0000000005773000 	/System/Library/PrivateFrameworks/Heimdal.framework/Versions/A/Heimdal
0x0000000005773000 	/usr/lib/libheimdal-asn1.dylib
0x0000000005773000 	/System/Library/Frameworks/OpenDirectory.framework/Versions/A/OpenDirectory
0x0000000005773000 	/System/Library/PrivateFrameworks/CommonAuth.framework/Versions/A/CommonAuth
0x0000000005773000 	/System/Library/Frameworks/OpenDirectory.framework/Versions/A/Frameworks/CFOpenDirectory.framework/Versions/A/CFOpenDirectory
0x0000000005773000 	/System/Library/Frameworks/SecurityFoundation.framework/Versions/A/SecurityFoundation
0x0000000005773000 	/System/Library/PrivateFrameworks/LanguageModeling.framework/Versions/A/LanguageModeling
0x0000000005773000 	/usr/lib/libmarisa.dylib
0x0000000005773000 	/usr/lib/libChineseTokenizer.dylib
0x0000000005773000 	/usr/lib/libcmph.dylib
0x0000000005773000 	/usr/lib/libcompression.dylib
0x0000000005773000 	/System/Library/Frameworks/ServiceManagement.framework/Versions/A/ServiceManagement
0x0000000005773000 	/usr/lib/libxslt.1.dylib
0x0000000005773000 	/System/Library/Frameworks/Carbon.framework/Versions/A/Frameworks/Ink.framework/Versions/A/Ink
0x0000000005773000 	/usr/lib/libFosl_dynamic.dylib
0x0000000005773000 	/System/Library/PrivateFrameworks/FaceCore.framework/Versions/A/FaceCore
0x0000000005773000 	/System/Library/Frameworks/OpenCL.framework/Versions/A/OpenCL
0x0000000005773000 	/System/Library/PrivateFrameworks/CrashReporterSupport.framework/Versions/A/CrashReporterSupport
0x0000000005773000 	/System/Library/PrivateFrameworks/IconServices.framework/Versions/A/IconServices
0x0000000005773000 	/System/Library/PrivateFrameworks/Apple80211.framework/Versions/A/Apple80211
0x0000000005773000 	/System/Library/Frameworks/CoreWLAN.framework/Versions/A/CoreWLAN
0x0000000005773000 	/System/Library/Frameworks/IOBluetooth.framework/Versions/A/IOBluetooth
0x0000000005773000 	/System/Library/PrivateFrameworks/CoreWiFi.framework/Versions/A/CoreWiFi
0x0000000005773000 	/System/Library/Frameworks/CoreBluetooth.framework/Versions/A/CoreBluetooth
0x0000000005773000 	/System/Library/PrivateFrameworks/ChunkingLibrary.framework/Versions/A/ChunkingLibrary
0x0000000005773000 	/System/Library/PrivateFrameworks/DebugSymbols.framework/Versions/A/DebugSymbols
0x0000000005773000 	/System/Library/PrivateFrameworks/CoreSymbolication.framework/Versions/A/CoreSymbolication
0x0000000005773000 	/System/Library/PrivateFrameworks/Symbolication.framework/Versions/A/Symbolication
0x0000000005773000 	/System/Library/PrivateFrameworks/SpeechRecognitionCore.framework/Versions/A/SpeechRecognitionCore
0x0000000109400000 	/Library/Java/JavaVirtualMachines/jdk1.8.0_05.jdk/Contents/Home/jre/lib/server/libjvm.dylib
0x0000000005773000 	/usr/lib/libstdc++.6.dylib
0x0000000108b7f000 	/Library/Java/JavaVirtualMachines/jdk1.8.0_05.jdk/Contents/Home/jre/lib/libverify.dylib
0x0000000108b8d000 	/Library/Java/JavaVirtualMachines/jdk1.8.0_05.jdk/Contents/Home/jre/lib/libjava.dylib
0x000000010a2c0000 	/Library/Java/JavaVirtualMachines/jdk1.8.0_05.jdk/Contents/Home/jre/lib/libjdwp.dylib
0x0000000108bc2000 	/Library/Java/JavaVirtualMachines/jdk1.8.0_05.jdk/Contents/Home/jre/lib/libnpt.dylib
0x0000000108bcf000 	/Library/Java/JavaVirtualMachines/jdk1.8.0_05.jdk/Contents/Home/jre/lib/libzip.dylib
0x000000011fc43000 	/System/Library/Frameworks/JavaVM.framework/Frameworks/JavaRuntimeSupport.framework/JavaRuntimeSupport
0x000000011fc5e000 	/System/Library/Frameworks/JavaVM.framework/Versions/A/Frameworks/JavaNativeFoundation.framework/Versions/A/JavaNativeFoundation
0x000000011fc73000 	/System/Library/Frameworks/JavaVM.framework/Versions/A/JavaVM
0x0000000005773000 	/System/Library/Frameworks/Carbon.framework/Versions/A/Carbon
0x000000011fc80000 	/System/Library/PrivateFrameworks/JavaLaunching.framework/Versions/A/JavaLaunching
0x0000000005773000 	/System/Library/Frameworks/Carbon.framework/Versions/A/Frameworks/CommonPanels.framework/Versions/A/CommonPanels
0x0000000005773000 	/System/Library/Frameworks/Carbon.framework/Versions/A/Frameworks/Help.framework/Versions/A/Help
0x0000000005773000 	/System/Library/Frameworks/Carbon.framework/Versions/A/Frameworks/ImageCapture.framework/Versions/A/ImageCapture
0x0000000005773000 	/System/Library/Frameworks/Carbon.framework/Versions/A/Frameworks/OpenScripting.framework/Versions/A/OpenScripting
0x0000000005773000 	/System/Library/Frameworks/Carbon.framework/Versions/A/Frameworks/Print.framework/Versions/A/Print
0x0000000005773000 	/System/Library/Frameworks/Carbon.framework/Versions/A/Frameworks/SecurityHI.framework/Versions/A/SecurityHI
0x00000001215a2000 	/Library/Java/JavaVirtualMachines/jdk1.8.0_05.jdk/Contents/Home/jre/lib/libdt_socket.dylib
0x00000001216fb000 	/Library/Java/JavaVirtualMachines/jdk1.8.0_05.jdk/Contents/Home/jre/lib/libnet.dylib
0x0000000121759000 	/Library/Java/JavaVirtualMachines/jdk1.8.0_05.jdk/Contents/Home/jre/lib/libnio.dylib

VM Arguments:
jvm_args: -agentlib:jdwp=transport=dt_socket,address=127.0.0.1:50379,suspend=y,server=n -Dfile.encoding=UTF-8 
java_command: Emulator examples/ifElse.pas
java_class_path (initial): /Library/Java/JavaVirtualMachines/jdk1.8.0_05.jdk/Contents/Home/jre/lib/charsets.jar:/Library/Java/JavaVirtualMachines/jdk1.8.0_05.jdk/Contents/Home/jre/lib/deploy.jar:/Library/Java/JavaVirtualMachines/jdk1.8.0_05.jdk/Contents/Home/jre/lib/ext/cldrdata.jar:/Library/Java/JavaVirtualMachines/jdk1.8.0_05.jdk/Contents/Home/jre/lib/ext/dnsns.jar:/Library/Java/JavaVirtualMachines/jdk1.8.0_05.jdk/Contents/Home/jre/lib/ext/jfxrt.jar:/Library/Java/JavaVirtualMachines/jdk1.8.0_05.jdk/Contents/Home/jre/lib/ext/localedata.jar:/Library/Java/JavaVirtualMachines/jdk1.8.0_05.jdk/Contents/Home/jre/lib/ext/nashorn.jar:/Library/Java/JavaVirtualMachines/jdk1.8.0_05.jdk/Contents/Home/jre/lib/ext/sunec.jar:/Library/Java/JavaVirtualMachines/jdk1.8.0_05.jdk/Contents/Home/jre/lib/ext/sunjce_provider.jar:/Library/Java/JavaVirtualMachines/jdk1.8.0_05.jdk/Contents/Home/jre/lib/ext/sunpkcs11.jar:/Library/Java/JavaVirtualMachines/jdk1.8.0_05.jdk/Contents/Home/jre/lib/ext/zipfs.jar:/Library/Java/JavaVirtualMachines/jdk1.8.0_05.jdk/Contents/Home/jre/lib/htmlconverter.jar:/Library/Java/JavaVirtualMachines/jdk1.8.0_05.jdk/Contents/Home/jre/lib/javaws.jar:/Library/Java/JavaVirtualMachines/jdk1.8.0_05.jdk/Contents/Home/jre/lib/jce.jar:/Library/Java/JavaVirtualMachines/jdk1.8.0_05.jdk/Contents/Home/jre/lib/jfr.jar:/Library/Java/JavaVirtualMachines/jdk1.8.0_05.jdk/Contents/Home/jre/lib/jfxswt.jar:/Library/Java/JavaVirtualMachines/jdk1.8.0_05.jdk/Contents/Home/jre/lib/jsse.jar:/Library/Java/JavaVirtualMachines/jdk1.8.0_05.jdk/Contents/Home/jre/lib/management-agent.jar:/Library/Java/JavaVirtualMachines/jdk1.8.0_05.jdk/Contents/Home/jre/lib/plugin.jar:/Library/Java/JavaVirtualMachines/jdk1.8.0_05.jdk/Contents/Home/jre/lib/resources.jar:/Library/Java/JavaVirtualMachines/jdk1.8.0_05.jdk/Contents/Home/jre/lib/rt.jar:/Library/Java/JavaVirtualMachines/jdk1.8.0_05.jdk/Contents/Home/lib/ant-javafx.jar:/Library/Java/JavaVirtualMachines/jdk1.8.0_05.jdk/Contents/Home/lib/dt.jar:/Library/
Launcher Type: SUN_STANDARD

Environment Variables:
PATH=/Users/ChrisYang/.rbenv/shims:/Users/ChrisYang/.rbenv/bin:/usr/local/bin:/Library/Frameworks/Python.framework/Versions/2.7/bin:/usr/local/bin:/usr/bin:/bin:/usr/sbin:/sbin:/Applications/kdiff3.app/Contents/MacOS:/opt/X11/bin:/usr/local/git/bin:/usr/texbin
SHELL=/bin/bash
DISPLAY=/private/tmp/com.apple.launchd.yC3WGJyNFd/org.macosforge.xquartz:0

Signal Handlers:
SIGSEGV: [libjvm.dylib+0x55f7df], sa_mask[0]=0xfffefeff, sa_flags=0x00000043
SIGBUS: [libjvm.dylib+0x55f7df], sa_mask[0]=0xfffefeff, sa_flags=0x00000042
SIGFPE: [libjvm.dylib+0x442cfa], sa_mask[0]=0xfffefeff, sa_flags=0x00000042
SIGPIPE: [libjvm.dylib+0x442cfa], sa_mask[0]=0xfffefeff, sa_flags=0x00000042
SIGXFSZ: [libjvm.dylib+0x442cfa], sa_mask[0]=0xfffefeff, sa_flags=0x00000042
SIGILL: [libjvm.dylib+0x442cfa], sa_mask[0]=0xfffefeff, sa_flags=0x00000042
SIGUSR1: SIG_DFL, sa_mask[0]=0x00000000, sa_flags=0x00000000
SIGUSR2: [libjvm.dylib+0x442818], sa_mask[0]=0x00000004, sa_flags=0x00000042
SIGHUP: [libjvm.dylib+0x440ba5], sa_mask[0]=0xfffefeff, sa_flags=0x00000042
SIGINT: [libjvm.dylib+0x440ba5], sa_mask[0]=0xfffefeff, sa_flags=0x00000042
SIGTERM: [libjvm.dylib+0x440ba5], sa_mask[0]=0xfffefeff, sa_flags=0x00000042
SIGQUIT: [libjvm.dylib+0x440ba5], sa_mask[0]=0xfffefeff, sa_flags=0x00000042


---------------  S Y S T E M  ---------------

OS:Bsduname:Darwin 15.4.0 Darwin Kernel Version 15.4.0: Fri Feb 26 22:08:05 PST 2016; root:xnu-3248.40.184~3/RELEASE_X86_64 x86_64
rlimit: STACK 8192k, CORE 0k, NPROC 709, NOFILE 10240, AS infinity
load average:101.09 53.20 26.85

CPU:total 4 (2 cores per cpu, 2 threads per core) family 6 model 58 stepping 9, cmov, cx8, fxsr, mmx, sse, sse2, sse3, ssse3, sse4.1, sse4.2, popcnt, avx, aes, clmul, erms, ht, tsc, tscinvbit

Memory: 4k page, physical 8388608k(149420k free)

/proc/meminfo:


vm_info: Java HotSpot(TM) 64-Bit Server VM (25.5-b02) for bsd-amd64 JRE (1.8.0_05-b13), built on Mar 18 2014 00:36:13 by "java_re" with gcc 4.2.1 (Based on Apple Inc. build 5658) (LLVM build 2336.11.00)

time: Wed May  4 16:13:12 2016
elapsed time: 1949 seconds

